Arguments: 
  /usr/local/bin/node /usr/local/Cellar/yarn/1.7.0/libexec/bin/yarn.js add node_redis

PATH: 
  /usr/local/bin:/usr/local/opt/coreutils/libexec/gnubin:/usr/local/sbin:/usr/local/bin:/usr/local/opt/coreutils/libexec/gnubin:/usr/local/sbin:/usr/local/bin:/usr/bin:/bin:/usr/sbin:/sbin

Yarn version: 
  1.7.0

Node version: 
  10.6.0

Platform: 
  darwin x64

Trace: 
  Error: https://registry.yarnpkg.com/node_redis: Not found
      at Request.params.callback [as _callback] (/usr/local/Cellar/yarn/1.7.0/libexec/lib/cli.js:65656:18)
      at Request.self.callback (/usr/local/Cellar/yarn/1.7.0/libexec/lib/cli.js:134675:22)
      at Request.emit (events.js:182:13)
      at Request.<anonymous> (/usr/local/Cellar/yarn/1.7.0/libexec/lib/cli.js:135658:10)
      at Request.emit (events.js:182:13)
      at IncomingMessage.<anonymous> (/usr/local/Cellar/yarn/1.7.0/libexec/lib/cli.js:135578:12)
      at Object.onceWrapper (events.js:273:13)
      at IncomingMessage.emit (events.js:187:15)
      at endReadableNT (_stream_readable.js:1081:12)
      at process._tickCallback (internal/process/next_tick.js:63:19)

npm manifest: 
  {
    "name": "saboks-youn",
    "version": "0.0.1",
    "description": "Just a sandbox to test something",
    "repository": "https://github.com/leny/saboks-youn",
    "author": "leny <info@flatland.be>",
    "license": "MIT",
    "private": true
  }

yarn manifest: 
  No manifest

Lockfile: 
  No lockfile
